<?xml version="1.0" encoding="UTF-8"?>
<!-- Generated by org.testng.reporters.JUnitReportReporter -->
<testsuite hostname="DESKTOP-24J7PU0" failures="0" tests="1" name="HmsinvokeTest.LoginTest" time="10.125" errors="0" timestamp="2024-03-17T17:23:32 IST" skipped="0">
  <testcase classname="HmsinvokeTest.LoginTest" name="webInvoke" time="10.125"/>
  <system-out/>
</testsuite> <!-- HmsinvokeTest.LoginTest -->
