<?xml version="1.0" encoding="UTF-8"?>
<!-- Generated by org.testng.reporters.JUnitReportReporter -->
<testsuite hostname="DESKTOP-24J7PU0" failures="0" tests="1" name="demo.Hmsinvoke" time="2.339" errors="0" timestamp="2024-02-28T11:14:49 IST" skipped="0">
  <testcase classname="demo.Hmsinvoke" name="websiteInvoke" time="2.339"/>
  <system-out/>
</testsuite> <!-- demo.Hmsinvoke -->
