<?xml version="1.0" encoding="UTF-8"?>
<!-- Generated by org.testng.reporters.JUnitReportReporter -->
<testsuite hostname="DESKTOP-24J7PU0" failures="0" tests="1" name="demo.Hmsinvoke" time="3.746" errors="0" timestamp="2024-03-07T10:44:26 IST" skipped="0">
  <testcase classname="demo.Hmsinvoke" name="websiteInvoke" time="3.746"/>
</testsuite> <!-- demo.Hmsinvoke -->
